make all --print-data-base --no-builtin-variables --no-builtin-rules --question
# GNU Make 4.2.1
# Built for x86_64-pc-linux-gnu
# Copyright (C) 1988-2016 Free Software Foundation, Inc.
# License GPLv3+: GNU GPL version 3 or later <http://gnu.org/licenses/gpl.html>
# This is free software: you are free to change and redistribute it.
# There is NO WARRANTY, to the extent permitted by law.

# Make data base, printed on Wed Aug 10 02:11:00 2022

# Variables

# automatic
<D = $(patsubst %/,%,$(dir $<))
# automatic
?F = $(notdir $?)
# environment
WSLENV = VSCODE_WSL_EXT_LOCATION/up
# default
.SHELLFLAGS := -c
# makefile (from 'Makefile', line 28)
OBJ = ./objs
# makefile (from 'Makefile', line 27)
SRC = ./srcs
# automatic
?D = $(patsubst %/,%,$(dir $?))
# makefile (from 'Makefile', line 24)
INCLUDES = -I $(INCLUDE) -I $(LIBFT) -I $(MLX)
# automatic
@D = $(patsubst %/,%,$(dir $@))
# automatic
@F = $(notdir $@)
# makefile
CURDIR := /home/telli/Code/C/Cub3D
# makefile
SHELL = /bin/sh
# environment
VSCODE_NLS_CONFIG = {"locale":"en","availableLanguages":{}}
# makefile (from 'Makefile', line 30)
MLX = ./mlx
# environment
_ = /usr/bin/sh
# makefile (from 'Makefile', line 19)
CFLAGS = -Wall -Wextra -Werror
# makefile (from 'Makefile', line 42)
BLUE = \033[0;34m
# makefile (from 'Makefile', line 1)
MAKEFILE_LIST :=  Makefile
# 'override' directive
GNUMAKEFLAGS := 
# makefile (from 'Makefile', line 33)
OBJS = $(patsubst $(SRC)%.c, $(OBJ)/%.o,$(SRCS))
# environment
VSCODE_CWD = /mnt/c/Users/telli/AppData/Local/Programs/Microsoft VS Code
# default
MAKE_HOST := x86_64-pc-linux-gnu
# environment
PATH = /home/telli/.vscode-server/bin/da76f93349a72022ca4670c1b84860304616aaa2/bin/remote-cli:/usr/local/sbin:/usr/local/bin:/usr/sbin:/usr/bin:/sbin:/bin:/usr/games:/usr/local/games:/usr/lib/wsl/lib:/mnt/c/Program Files (x86)/Common Files/Oracle/Java/javapath:/mnt/c/Windows/system32:/mnt/c/Windows:/mnt/c/Windows/System32/Wbem:/mnt/c/Windows/System32/WindowsPowerShell/v1.0/:/mnt/c/Windows/System32/OpenSSH/:/mnt/c/Program Files (x86)/NVIDIA Corporation/PhysX/Common:/mnt/c/Program Files/PuTTY/:/mnt/c/Program Files/NVIDIA Corporation/NVIDIA NvDLISR:/mnt/c/Program Files/dotnet/:/mnt/c/Program Files/Airshipper/:/mnt/c/Users/telli/AppData/Local/Microsoft/WindowsApps:/mnt/c/Users/telli/AppData/Local/Programs/Microsoft VS Code/bin:/mnt/c/Users/telli/OneDrive/Bureau/Code/flutter/bin:/mnt/c/Users/telli/.dotnet/tools
# environment
ELECTRON_RUN_AS_NODE = 1
# environment
VSCODE_IPC_HOOK_CLI = /tmp/vscode-ipc-a7b75d70-0297-46be-a198-08b17ba70e0f.sock
# default
.FEATURES := target-specific order-only second-expansion else-if shortest-stem undefine oneshell archives jobserver output-sync check-symlink load
# makefile (from 'Makefile', line 39)
PURPLE = \033[1;35m
# automatic
%F = $(notdir $%)
# environment
PWD = /home/telli/Code/C/Cub3D
# default
.LOADED := 
# environment
WSL_INTEROP = /run/WSL/12_interop
# makefile (from 'Makefile', line 38)
GREEN = \033[1;32m
# environment
VSCODE_AMD_ENTRYPOINT = vs/workbench/api/node/extensionHostProcess
# environment
HOME = /home/telli
# environment
LOGNAME = telli
# environment
APPLICATION_INSIGHTS_NO_DIAGNOSTIC_CHANNEL = true
# environment
VSCODE_HANDLES_UNCAUGHT_ERRORS = true
# automatic
^D = $(patsubst %/,%,$(dir $^))
# environment
MAKELEVEL := 0
# default
MAKE = $(MAKE_COMMAND)
# default
MAKECMDGOALS := all
# makefile (from 'Makefile', line 31)
SRCS = $(SRC)/main.c $(SRC)/draw.c
# environment
SHLVL = 0
# makefile (from 'Makefile', line 41)
WHITE = \033[1;37m
# makefile (from 'Makefile', line 29)
LIBFT = ./libft
# makefile (from 'Makefile', line 18)
CC = clang
# default
MAKE_VERSION := 4.2.1
# environment
USER = telli
# makefile
.DEFAULT_GOAL := all
# makefile (from 'Makefile', line 23)
INCLUDE = includes
# makefile (from 'Makefile', line 14)
NAME = cub3d
# automatic
%D = $(patsubst %/,%,$(dir $%))
# environment
VSCODE_WSL_EXT_LOCATION = /mnt/c/Users/telli/.vscode/extensions/ms-vscode-remote.remote-wsl-0.66.3
# default
MAKE_COMMAND := make
# environment
OLDPWD = /mnt/c/Users/telli/AppData/Local/Programs/Microsoft VS Code
# makefile (from 'Makefile', line 43)
EOC = \033[0;0m
# default
.VARIABLES := 
# automatic
*F = $(notdir $*)
# makefile (from 'Makefile', line 37)
RED = \033[1;31m
# makefile
MAKEFLAGS = pqrR
# environment
MFLAGS = -pqrR
# automatic
*D = $(patsubst %/,%,$(dir $*))
# makefile (from 'Makefile', line 36)
BLACK = \033[1;30m
# automatic
+D = $(patsubst %/,%,$(dir $+))
# makefile (from 'Makefile', line 40)
CYAN = \033[1;36m
# automatic
+F = $(notdir $+)
# environment
VSCODE_HANDLES_SIGPIPE = true
# default
MAKEFILES := 
# automatic
<F = $(notdir $<)
# environment
LC_ALL = C
# environment
HOSTTYPE = x86_64
# automatic
^F = $(notdir $^)
# default
SUFFIXES := 
# default
.INCLUDE_DIRS = /usr/include /usr/local/include /usr/include
# default
.RECIPEPREFIX := 
# environment
LANG = C
# environment
TERM = xterm-256color
# makefile (from 'Makefile', line 15)
DESCRIPTION = Cub3D project for [42]
# makefile (from 'Makefile', line 20)
LPFLAGS = -L$(LIBFT) -Lmlx -lbsd -lXext -lX11 -lmlx -lm
# environment
WSL_DISTRO_NAME = Ubuntu-20.04
# variable set hash-table stats:
# Load=80/1024=8%, Rehash=0, Collisions=14/125=11%

# Pattern-specific Variable Values

# No pattern-specific variable values.

# Directories

# . (device 2064, inode 165099): 11 files, no impossibilities.
# srcs/ (device 2064, inode 218329): 4 files, no impossibilities so far.
# srcs (device 2064, inode 218329): 4 files, no impossibilities so far.

# 19 files, no impossibilities in 3 directories.

# Implicit Rules

objs/%.o: srcs/%.c | objs compiling
#  recipe to execute (from 'Makefile', line 52):
			$(CC) $(CFLAGS) $(INCLUDES) -c $< -o $@

# 1 implicit rules, 0 (0.0%) terminal.

# Files

objs//main.o: srcs//main.c | objs compiling
#  Implicit rule search has been done.
#  Implicit/static pattern stem: '/main'
#  File does not exist.
#  File has been updated.
#  Needs to be updated (-q is set).
# variable set hash-table stats:
# Load=0/32=0%, Rehash=0, Collisions=0/7=0%
#  recipe to execute (from 'Makefile', line 52):
			$(CC) $(CFLAGS) $(INCLUDES) -c $< -o $@

all: cub3d
#  Phony target (prerequisite of .PHONY).
#  Command line target.
#  Implicit rule search has not been done.
#  File does not exist.
#  File has been updated.
#  Needs to be updated (-q is set).
# variable set hash-table stats:
# Load=0/32=0%, Rehash=0, Collisions=0/7=0%

.PHONY: all clean fclean re norm
#  Implicit rule search has not been done.
#  Modification time never checked.
#  File has not been updated.

cub3d: objs//main.o objs//draw.o
#  Implicit rule search has not been done.
#  File does not exist.
#  File has been updated.
#  Needs to be updated (-q is set).
# variable set hash-table stats:
# Load=0/32=0%, Rehash=0, Collisions=0/7=0%
#  recipe to execute (from 'Makefile', line 47):
	@echo "$(BLUE) =========> Compiling object files <========="
	@echo "$(WHITE)"
			$(CC) $(CFLAGS) $(INCLUDES) $(OBJS) $(LPFLAGS) -o $@
	@echo "$(BLUE)            Build $(DESCRIPTION) DONE √"

# Not a target:
.SUFFIXES:
#  Implicit rule search has not been done.
#  Modification time never checked.
#  File has not been updated.

# Not a target:
Makefile:
#  Implicit rule search has been done.
#  Last modified 2022-08-10 02:09:53.8001344
#  File has been updated.
#  Successfully updated.

# Not a target:
srcs//main.c:
#  Implicit rule search has been done.
#  Last modified 2022-08-10 02:07:50.2701344
#  File has been updated.
#  Successfully updated.

objs:
#  Implicit rule search has not been done.
#  Implicit/static pattern stem: ''
#  File does not exist.
#  File has been updated.
#  Needs to be updated (-q is set).
# automatic
# @ := objs
# automatic
# % := 
# automatic
# * := 
# automatic
# + := 
# automatic
# | := 
# automatic
# < := 
# automatic
# ^ := 
# automatic
# ? := 
# variable set hash-table stats:
# Load=8/32=25%, Rehash=0, Collisions=3/16=19%
 
#  recipe to execute (from 'Makefile', line 58):
	@echo "$(PURPLE)"
			mkdir $@
	@echo "$(GREEN)"
			make -C $(LIBFT)
			make -C $(MLX)

fclean: clean
#  Phony target (prerequisite of .PHONY).
#  Implicit rule search has not been done.
#  File does not exist.
#  File has not been updated.
#  recipe to execute (from 'Makefile', line 70):
	@echo "$(BLUE) =========> Deleting executable <========="
	@echo "$(PURPLE)"
			-rm -f $(NAME)
	@echo "$(GREEN)"
			make fclean -C $(LIBFT)
			make clean -C $(MLX)
	@echo "$(BLUE)            Cleaning LIBFT and MLX DONE √"

norm:
#  Phony target (prerequisite of .PHONY).
#  Implicit rule search has not been done.
#  File does not exist.
#  File has not been updated.
#  recipe to execute (from 'Makefile', line 81):
	@echo "$(BLACK)"
			norminette $(LIBFT)
	@echo "$(CYAN)"
			norminette $(SRC) $(INCLUDE)
	@echo "$(BLUE)            Checking the norminette DONE √"

# Not a target:
.DEFAULT:
#  Implicit rule search has not been done.
#  Modification time never checked.
#  File has not been updated.

re: fclean all
#  Phony target (prerequisite of .PHONY).
#  Implicit rule search has not been done.
#  File does not exist.
#  File has not been updated.

clean:
#  Phony target (prerequisite of .PHONY).
#  Implicit rule search has not been done.
#  File does not exist.
#  File has not been updated.
#  recipe to execute (from 'Makefile', line 65):
	@echo "$(BLUE) =========> Deleting object files <========="
	@echo "$(PURPLE)"
			-rm -rf $(OBJ)

# Not a target:
objs//draw.o:
#  Implicit rule search has not been done.
#  Modification time never checked.
#  File has not been updated.

compiling:
#  Implicit rule search has not been done.
#  Modification time never checked.
#  File has not been updated.
#  recipe to execute (from 'Makefile', line 55):
			@echo -n "$(WHITE)"

# files hash-table stats:
# Load=15/1024=1%, Rehash=0, Collisions=0/46=0%
# VPATH Search Paths

# No 'vpath' search paths.

# No general ('VPATH' variable) search path.

# strcache buffers: 1 (0) / strings = 33 / storage = 255 B / avg = 7 B
# current buf: size = 8162 B / used = 255 B / count = 33 / avg = 7 B

# strcache performance: lookups = 67 / hit rate = 50%
# hash-table stats:
# Load=33/8192=0%, Rehash=0, Collisions=2/67=3%
# Finished Make data base on Wed Aug 10 02:11:00 2022

 
